<?xml version="1.0" encoding="utf-8"?><testsuites name="pytest tests"><testsuite name="pytest" errors="0" failures="0" skipped="0" tests="15" time="26.594" timestamp="2026-09-05T17:54:50.149830+00:00" hostname="agent-env-df2dab8f-2984-42c8-a266-0a98f656eb3e"><testcase classname="tests.test_charges_amc_photos.TestManagerCharges" name="test_manager_post_service_with_charges" time="3.912" /><testcase classname="tests.test_charges_amc_photos.TestManagerCharges" name="test_manager_get_services_includes_charges" time="0.138" /><testcase classname="tests.test_charges_amc_photos.TestManagerCharges" name="test_manager_get_service_detail_includes_charges" time="0.097" /><testcase classname="tests.test_charges_amc_photos.TestManagerCharges" name="test_manager_patch_charges_persists" time="0.217" /><testcase classname="tests.test_charges_amc_photos.TestManagerCharges" name="test_technician_never_sees_charges_in_list" time="0.251" /><testcase classname="tests.test_charges_amc_photos.TestManagerCharges" name="test_technician_never_sees_charges_in_detail" time="0.120" /><testcase classname="tests.test_charges_amc_photos.TestManagerCharges" name="test_admin_sees_charges" time="0.126" /><testcase classname="tests.test_charges_amc_photos.TestManagerAMC" name="test_manager_post_amc_with_contract_amount" time="0.129" /><testcase classname="tests.test_charges_amc_photos.TestManagerAMC" name="test_manager_get_amc_list_includes_contract_amount" time="0.106" /><testcase classname="tests.test_charges_amc_photos.TestManagerAMC" name="test_amc_generated_services_persisted" time="0.109" /><testcase classname="tests.test_charges_amc_photos.TestManagerAMC" name="test_admin_amc_list_includes_contract_amount" time="0.115" /><testcase classname="tests.test_charges_amc_photos.TestCompletePhotoEnforcement" name="test_manager_patch_complete_without_photos_returns_400" time="0.542" /><testcase classname="tests.test_charges_amc_photos.TestCompletePhotoEnforcement" name="test_admin_patch_complete_without_photos_ok" time="0.250" /><testcase classname="tests.test_charges_amc_photos.TestCompletePhotoEnforcement" name="test_technician_complete_endpoint_without_photos_returns_400" time="0.102" /><testcase classname="tests.test_charges_amc_photos.TestTermiteAutoReminderRegression" name="test_termite_reminder_created_via_complete_endpoint" time="20.299" /></testsuite></testsuites>