<?xml version="1.0" encoding="utf-8"?><testsuites name="pytest tests"><testsuite name="pytest" errors="0" failures="0" skipped="0" tests="10" time="3.760" timestamp="2026-09-05T18:18:47.330075+00:00" hostname="agent-env-df2dab8f-2984-42c8-a266-0a98f656eb3e"><testcase classname="tests.test_complete_no_photos.TestTechnicianCompleteNoPhotos" name="test_complete_with_no_photos" time="1.445" /><testcase classname="tests.test_complete_no_photos.TestTechnicianCompleteNoPhotos" name="test_complete_with_only_before_photo" time="0.179" /><testcase classname="tests.test_complete_no_photos.TestTechnicianCompleteNoPhotos" name="test_complete_with_only_after_photo" time="0.180" /><testcase classname="tests.test_complete_no_photos.TestTechnicianCompleteNoPhotos" name="test_complete_with_both_photos" time="0.342" /><testcase classname="tests.test_complete_no_photos.TestManagerAdminPatchCompleteNoPhotos" name="test_manager_patch_complete_no_photos" time="0.989" /><testcase classname="tests.test_complete_no_photos.TestManagerAdminPatchCompleteNoPhotos" name="test_admin_patch_complete_no_photos" time="0.131" /><testcase classname="tests.test_complete_no_photos.TestTermiteAutoReminderRegardlessOfPhotos" name="test_complete_endpoint_termite_no_photos_creates_reminder" time="0.053" /><testcase classname="tests.test_complete_no_photos.TestTermiteAutoReminderRegardlessOfPhotos" name="test_patch_termite_no_photos_creates_reminder" time="0.177" /><testcase classname="tests.test_complete_no_photos.TestTechnicianCannotUncomplete" name="test_uncomplete_via_patch_forbidden" time="0.093" /><testcase classname="tests.test_complete_no_photos.TestTechnicianPaymentStatusToggle" name="test_toggle_payment_after_completion" time="0.094" /></testsuite></testsuites>