<?xml version="1.0" encoding="utf-8"?><testsuites name="pytest tests"><testsuite name="pytest" errors="0" failures="0" skipped="0" tests="18" time="3.696" timestamp="2026-09-05T17:24:39.817955+00:00" hostname="agent-env-df2dab8f-2984-42c8-a266-0a98f656eb3e"><testcase classname="tests.test_payment_status_signature.Test00Setup" name="test_00_admin_login" time="0.227" /><testcase classname="tests.test_payment_status_signature.Test00Setup" name="test_01_create_tech1" time="0.899" /><testcase classname="tests.test_payment_status_signature.Test00Setup" name="test_02_create_tech2" time="0.898" /><testcase classname="tests.test_payment_status_signature.Test00Setup" name="test_03_create_manager" time="0.897" /><testcase classname="tests.test_payment_status_signature.Test00Setup" name="test_04_create_customer" time="0.003" /><testcase classname="tests.test_payment_status_signature.Test10TechPaymentStatus" name="test_01_tech_assigned_can_set_payment_status_paid" time="0.009" /><testcase classname="tests.test_payment_status_signature.Test10TechPaymentStatus" name="test_02_tech_assigned_can_set_payment_status_unpaid" time="0.007" /><testcase classname="tests.test_payment_status_signature.Test10TechPaymentStatus" name="test_03_other_tech_cannot_patch" time="0.003" /><testcase classname="tests.test_payment_status_signature.Test10TechPaymentStatus" name="test_04_tech_cannot_set_charges" time="0.009" /><testcase classname="tests.test_payment_status_signature.Test10TechPaymentStatus" name="test_05_tech_patch_only_charges_returns_400" time="0.006" /><testcase classname="tests.test_payment_status_signature.Test20Signature" name="test_01_tech_uploads_signature" time="0.165" /><testcase classname="tests.test_payment_status_signature.Test20Signature" name="test_02_get_file_with_token_query" time="0.169" /><testcase classname="tests.test_payment_status_signature.Test20Signature" name="test_03_get_file_without_token_401" time="0.002" /><testcase classname="tests.test_payment_status_signature.Test20Signature" name="test_04_get_file_bad_token_401" time="0.002" /><testcase classname="tests.test_payment_status_signature.Test20Signature" name="test_05_other_tech_signature_403" time="0.003" /><testcase classname="tests.test_payment_status_signature.Test20Signature" name="test_06_unauthenticated_signature_401" time="0.002" /><testcase classname="tests.test_payment_status_signature.Test30Regression" name="test_01_manager_create_service_charges_stripped" time="0.005" /><testcase classname="tests.test_payment_status_signature.Test30Regression" name="test_02_termite_complete_creates_reminder" time="0.311" /></testsuite></testsuites>