<?xml version="1.0" encoding="utf-8"?><testsuites name="pytest tests"><testsuite name="pytest" errors="0" failures="0" skipped="0" tests="14" time="2.346" timestamp="2026-09-05T18:27:04.545152+00:00" hostname="agent-env-df2dab8f-2984-42c8-a266-0a98f656eb3e"><testcase classname="tests.test_payments_endpoint.TestPaymentsAuthz" name="test_unauth_returns_401" time="0.004" /><testcase classname="tests.test_payments_endpoint.TestPaymentsAuthz" name="test_admin_returns_200_and_shape" time="0.243" /><testcase classname="tests.test_payments_endpoint.TestPaymentsAuthz" name="test_manager_returns_200" time="1.865" /><testcase classname="tests.test_payments_endpoint.TestPaymentsAuthz" name="test_technician_returns_403" time="0.002" /><testcase classname="tests.test_payments_endpoint.TestAMCExclusion" name="test_amc_services_never_in_payments" time="0.019" /><testcase classname="tests.test_payments_endpoint.TestGroupingAndTotals" name="test_unpaid_and_pending_appear_in_pending_with_correct_totals" time="0.026" /><testcase classname="tests.test_payments_endpoint.TestGroupingAndTotals" name="test_paid_service_appears_in_paid_with_correct_totals" time="0.023" /><testcase classname="tests.test_payments_endpoint.TestAttribution" name="test_technician_marks_paid_on_own_completed_service" time="0.022" /><testcase classname="tests.test_payments_endpoint.TestAttribution" name="test_admin_marks_paid_attribution" time="0.016" /><testcase classname="tests.test_payments_endpoint.TestAttribution" name="test_manager_marks_paid_attribution" time="0.016" /><testcase classname="tests.test_payments_endpoint.TestRegressions" name="test_complete_without_photos_still_works" time="0.009" /><testcase classname="tests.test_payments_endpoint.TestRegressions" name="test_technician_cannot_list_payments" time="0.002" /><testcase classname="tests.test_payments_endpoint.TestRegressions" name="test_technician_cannot_list_customers" time="0.002" /><testcase classname="tests.test_payments_endpoint.TestRegressions" name="test_termite_reminder_created_on_completion" time="0.012" /></testsuite></testsuites>