<?xml version="1.0" encoding="utf-8"?><testsuites name="pytest tests"><testsuite name="pytest" errors="0" failures="0" skipped="0" tests="16" time="3.484" timestamp="2026-09-05T18:05:51.249977+00:00" hostname="agent-env-df2dab8f-2984-42c8-a266-0a98f656eb3e"><testcase classname="tests.test_photos_signature_retest.TestASetup" name="test_admin_login" time="0.453" /><testcase classname="tests.test_photos_signature_retest.TestASetup" name="test_seed_customer_and_two_techs" time="1.802" /><testcase classname="tests.test_photos_signature_retest.TestASetup" name="test_admin_creates_termite_service_assigned_to_t1" time="0.004" /><testcase classname="tests.test_photos_signature_retest.TestBPhotoUpload" name="test_upload_before_photo_returns_path_and_grows_array" time="0.175" /><testcase classname="tests.test_photos_signature_retest.TestBPhotoUpload" name="test_get_file_with_token_streams_bytes" time="0.129" /><testcase classname="tests.test_photos_signature_retest.TestBPhotoUpload" name="test_get_file_without_token_returns_401" time="0.002" /><testcase classname="tests.test_photos_signature_retest.TestBPhotoUpload" name="test_upload_after_photo" time="0.177" /><testcase classname="tests.test_photos_signature_retest.TestCPhotoUploadNegatives" name="test_invalid_phase_returns_400" time="0.003" /><testcase classname="tests.test_photos_signature_retest.TestCPhotoUploadNegatives" name="test_missing_authorization_returns_401" time="0.002" /><testcase classname="tests.test_photos_signature_retest.TestCPhotoUploadNegatives" name="test_non_assigned_technician_returns_403" time="0.003" /><testcase classname="tests.test_photos_signature_retest.TestCPhotoUploadNegatives" name="test_photo_upload_on_missing_service_returns_404" time="0.003" /><testcase classname="tests.test_photos_signature_retest.TestDSignature" name="test_upload_signature_as_assigned_tech" time="0.167" /><testcase classname="tests.test_photos_signature_retest.TestDSignature" name="test_signature_non_assigned_tech_returns_403" time="0.003" /><testcase classname="tests.test_photos_signature_retest.TestDSignature" name="test_get_signature_file_with_token" time="0.139" /><testcase classname="tests.test_photos_signature_retest.TestECompleteRegression" name="test_complete_without_after_photo_returns_400" time="0.124" /><testcase classname="tests.test_photos_signature_retest.TestECompleteRegression" name="test_complete_with_both_photos_success_and_termite_reminder" time="0.146" /></testsuite></testsuites>