<?xml version="1.0" encoding="utf-8"?><testsuites name="pytest tests"><testsuite name="pytest" errors="0" failures="0" skipped="0" tests="50" time="4.938" timestamp="2026-09-05T17:43:59.582488+00:00" hostname="agent-env-df2dab8f-2984-42c8-a266-0a98f656eb3e"><testcase classname="tests.test_production_qa.TestASetup" name="test_admin_login" time="0.452" /><testcase classname="tests.test_production_qa.TestASetup" name="test_no_mongo_id_leak_in_login" time="0.000" /><testcase classname="tests.test_production_qa.TestASetup" name="test_create_manager_and_technicians" time="2.696" /><testcase classname="tests.test_production_qa.TestASetup" name="test_manager_cannot_create_user" time="0.003" /><testcase classname="tests.test_production_qa.TestASetup" name="test_manager_cannot_reset_pin" time="0.002" /><testcase classname="tests.test_production_qa.TestBCustomers" name="test_create_customer" time="0.005" /><testcase classname="tests.test_production_qa.TestBCustomers" name="test_extra_customers" time="0.004" /><testcase classname="tests.test_production_qa.TestCEndToEnd" name="test_admin_creates_termite_service_for_tech1_on_specific_date" time="0.003" /><testcase classname="tests.test_production_qa.TestCEndToEnd" name="test_tech_uploads_before_during_after_photos" time="0.713" /><testcase classname="tests.test_production_qa.TestCEndToEnd" name="test_feedback_and_termite_reminder_created_on_complete" time="0.007" /><testcase classname="tests.test_production_qa.TestCEndToEnd" name="test_reminder_shows_upcoming" time="0.003" /><testcase classname="tests.test_production_qa.TestCEndToEnd" name="test_reminder_included_in_admin_dashboard_counter" time="0.005" /><testcase classname="tests.test_production_qa.TestDTermiteDup" name="test_second_termite_completion_same_customer_no_dup" time="0.008" /><testcase classname="tests.test_production_qa.TestDTermiteDup" name="test_non_termite_completion_no_reminder" time="0.008" /><testcase classname="tests.test_production_qa.TestEManagerPerms" name="test_manager_403_on_admin_endpoints" time="0.006" /><testcase classname="tests.test_production_qa.TestEManagerPerms" name="test_manager_customers_and_services_no_charges" time="0.012" /><testcase classname="tests.test_production_qa.TestEManagerPerms" name="test_manager_post_service_charges_stripped" time="0.005" /><testcase classname="tests.test_production_qa.TestFTechPerms" name="test_tech_sees_only_own" time="0.007" /><testcase classname="tests.test_production_qa.TestFTechPerms" name="test_tech_403_on_other_service" time="0.002" /><testcase classname="tests.test_production_qa.TestFTechPerms" name="test_tech_patch_only_allowed_fields" time="0.009" /><testcase classname="tests.test_production_qa.TestGAdminEditPending" name="test_admin_patch_pending_multiple_fields" time="0.011" /><testcase classname="tests.test_production_qa.TestHReassign" name="test_reassign_tech" time="0.008" /><testcase classname="tests.test_production_qa.TestIAMC" name="test_amc_daily_7days" time="0.004" /><testcase classname="tests.test_production_qa.TestIAMC" name="test_amc_fortnightly_60d" time="0.004" /><testcase classname="tests.test_production_qa.TestIAMC" name="test_amc_monthly_6mo" time="0.004" /><testcase classname="tests.test_production_qa.TestIAMC" name="test_amc_quarterly_12mo" time="0.004" /><testcase classname="tests.test_production_qa.TestIAMC" name="test_amc_custom_10d_30d" time="0.004" /><testcase classname="tests.test_production_qa.TestIAMC" name="test_amc_services_have_null_tech_and_amc_id" time="0.010" /><testcase classname="tests.test_production_qa.TestIAMC" name="test_amc_body_does_not_persist_technician" time="0.008" /><testcase classname="tests.test_production_qa.TestJAssign" name="test_patch_amc_service_with_tech" time="0.005" /><testcase classname="tests.test_production_qa.TestJAssign" name="test_tech_dashboard_reflects" time="0.003" /><testcase classname="tests.test_production_qa.TestKReschedule" name="test_reschedule_future" time="0.005" /><testcase classname="tests.test_production_qa.TestKReschedule" name="test_reschedule_past_overdue" time="0.007" /><testcase classname="tests.test_production_qa.TestLLocking" name="test_completed_locked_for_manager_admin_notes" time="0.006" /><testcase classname="tests.test_production_qa.TestLLocking" name="test_tech_patch_status_pending_on_completed_blocked" time="0.006" /><testcase classname="tests.test_production_qa.TestLLocking" name="test_tech_patch_payment_status_on_completed_allowed" time="0.011" /><testcase classname="tests.test_production_qa.TestLLocking" name="test_tech_mixed_status_and_payment_on_completed" time="0.012" /><testcase classname="tests.test_production_qa.TestLLocking" name="test_manager_patch_status_on_completed_blocked" time="0.004" /><testcase classname="tests.test_production_qa.TestLLocking" name="test_manager_patch_charges_on_completed_blocked" time="0.006" /><testcase classname="tests.test_production_qa.TestLLocking" name="test_manager_patch_payment_status_on_completed_allowed" time="0.007" /><testcase classname="tests.test_production_qa.TestLLocking" name="test_admin_patch_any_field_on_completed_allowed" time="0.004" /><testcase classname="tests.test_production_qa.TestMCSV" name="test_admin_csv_ok" time="0.005" /><testcase classname="tests.test_production_qa.TestMCSV" name="test_missing_token_401" time="0.002" /><testcase classname="tests.test_production_qa.TestMCSV" name="test_invalid_token_401" time="0.001" /><testcase classname="tests.test_production_qa.TestMCSV" name="test_non_admin_403" time="0.002" /><testcase classname="tests.test_production_qa.TestNFiles" name="test_get_file_with_token" time="0.229" /><testcase classname="tests.test_production_qa.TestOMgrDash" name="test_pending_payments_count" time="0.010" /><testcase classname="tests.test_production_qa.TestPPersistence" name="test_no_mongo_id_in_any_list_endpoint" time="0.027" /><testcase classname="tests.test_production_qa.TestPPersistence" name="test_customers_persist_across_requests" time="0.506" /><testcase classname="tests.test_production_qa" name="test_zzz_diagnostic_dump" time="0.000" /></testsuite></testsuites>