<?xml version="1.0" encoding="utf-8"?><testsuites name="pytest tests"><testsuite name="pytest" errors="0" failures="1" skipped="0" tests="54" time="13.488" timestamp="2026-09-05T17:07:56.264379+00:00" hostname="agent-env-df2dab8f-2984-42c8-a266-0a98f656eb3e"><testcase classname="tests.test_pest_backend.TestAuth" name="test_01_login_admin_default_pin" time="0.492" /><testcase classname="tests.test_pest_backend.TestAuth" name="test_02_change_admin_pin" time="0.743" /><testcase classname="tests.test_pest_backend.TestAuth" name="test_03_change_pin_invalid_length" time="0.134" /><testcase classname="tests.test_pest_backend.TestAuth" name="test_04_invalid_credentials" time="0.334" /><testcase classname="tests.test_pest_backend.TestUsers" name="test_01_create_manager" time="0.381" /><testcase classname="tests.test_pest_backend.TestUsers" name="test_02_create_technician" time="0.353" /><testcase classname="tests.test_pest_backend.TestUsers" name="test_03_cannot_create_admin" time="0.126" /><testcase classname="tests.test_pest_backend.TestUsers" name="test_04_invalid_pin_length" time="0.122" /><testcase classname="tests.test_pest_backend.TestUsers" name="test_05_manager_login_must_change" time="1.037" /><testcase classname="tests.test_pest_backend.TestUsers" name="test_06_technician_login" time="1.013" /><testcase classname="tests.test_pest_backend.TestUsers" name="test_07_reset_pin" time="1.413" /><testcase classname="tests.test_pest_backend.TestUsers" name="test_08_disable_enable" time="0.650" /><testcase classname="tests.test_pest_backend.TestCustomersServiceTypes" name="test_01_default_service_types" time="0.130" /><testcase classname="tests.test_pest_backend.TestCustomersServiceTypes" name="test_02_create_service_type_admin" time="0.101" /><testcase classname="tests.test_pest_backend.TestCustomersServiceTypes" name="test_03_create_customer" time="0.126" /><testcase classname="tests.test_pest_backend.TestCustomersServiceTypes" name="test_04_list_customers" time="0.101" /><testcase classname="tests.test_pest_backend.TestCustomersServiceTypes" name="test_05_get_customer_detail" time="0.101" /><testcase classname="tests.test_pest_backend.TestCustomersServiceTypes" name="test_06_tech_cannot_list_customers" time="0.104" /><testcase classname="tests.test_pest_backend.TestServices" name="test_01_create_service_no_tech_pending" time="0.129" /><testcase classname="tests.test_pest_backend.TestServices" name="test_02_create_service_with_tech_assigned" time="0.117" /><testcase classname="tests.test_pest_backend.TestServices" name="test_03_list_services_filters" time="0.111" /><testcase classname="tests.test_pest_backend.TestServices" name="test_04_list_services_by_tech" time="0.150" /><testcase classname="tests.test_pest_backend.TestServices" name="test_05_manager_no_charges" time="0.127" /><testcase classname="tests.test_pest_backend.TestServices" name="test_06_technician_only_own" time="0.114" /><testcase classname="tests.test_pest_backend.TestServices" name="test_07_manager_cannot_set_charges" time="0.282"><failure message="AssertionError: assert 9999.0 == 0&#10; +  where 9999.0 = &lt;built-in method get of dict object at 0xfbee45bf1f80&gt;('charges', 0)&#10; +    where &lt;built-in method get of dict object at 0xfbee45bf1f80&gt; = {'customer_id': '11591ec4-2568-490b-8652-4e9d30fa67ec', 'service_type': 'Rodent', 'scheduled_date': '2026-09-05T17:08:04.536400+00:00', 'technician_id': None, ...}.get&#10; +      where {'customer_id': '11591ec4-2568-490b-8652-4e9d30fa67ec', 'service_type': 'Rodent', 'scheduled_date': '2026-09-05T17:08:04.536400+00:00', 'technician_id': None, ...} = json()&#10; +        where json = &lt;Response [200]&gt;.json">test_pest_backend.py:253: in test_07_manager_cannot_set_charges
    assert r2.json().get("charges", 0) == 0
E   AssertionError: assert 9999.0 == 0
E    +  where 9999.0 = &lt;built-in method get of dict object at 0xfbee45bf1f80&gt;('charges', 0)
E    +    where &lt;built-in method get of dict object at 0xfbee45bf1f80&gt; = {'customer_id': '11591ec4-2568-490b-8652-4e9d30fa67ec', 'service_type': 'Rodent', 'scheduled_date': '2026-09-05T17:08:04.536400+00:00', 'technician_id': None, ...}.get
E    +      where {'customer_id': '11591ec4-2568-490b-8652-4e9d30fa67ec', 'service_type': 'Rodent', 'scheduled_date': '2026-09-05T17:08:04.536400+00:00', 'technician_id': None, ...} = json()
E    +        where json = &lt;Response [200]&gt;.json</failure></testcase><testcase classname="tests.test_pest_backend.TestServices" name="test_08_tech_update_allowed_fields" time="0.144" /><testcase classname="tests.test_pest_backend.TestServices" name="test_09_tech_cannot_change_charges" time="0.344" /><testcase classname="tests.test_pest_backend.TestServices" name="test_10_complete_without_photos_fails" time="0.198" /><testcase classname="tests.test_pest_backend.TestPhotos" name="test_01_upload_before" time="0.305" /><testcase classname="tests.test_pest_backend.TestPhotos" name="test_02_upload_after" time="0.262" /><testcase classname="tests.test_pest_backend.TestPhotos" name="test_03_fetch_file_with_token_query" time="0.356" /><testcase classname="tests.test_pest_backend.TestPhotos" name="test_04_complete_service_with_photos" time="0.260" /><testcase classname="tests.test_pest_backend.TestAMC" name="test_01_create_monthly_amc" time="0.121" /><testcase classname="tests.test_pest_backend.TestAMC" name="test_02_amc_generates_pending_services" time="0.173" /><testcase classname="tests.test_pest_backend.TestAMC" name="test_03_amc_contract_amount_hidden_manager" time="0.141" /><testcase classname="tests.test_pest_backend.TestReminders" name="test_01_create_reminder_upcoming" time="0.124" /><testcase classname="tests.test_pest_backend.TestReminders" name="test_02_create_reminder_due" time="0.104" /><testcase classname="tests.test_pest_backend.TestReminders" name="test_03_create_reminder_overdue" time="0.127" /><testcase classname="tests.test_pest_backend.TestReminders" name="test_04_list_computed_field" time="0.151" /><testcase classname="tests.test_pest_backend.TestReminders" name="test_05_complete_reminder" time="0.244" /><testcase classname="tests.test_pest_backend.TestDashboards" name="test_01_admin_dashboard" time="0.096" /><testcase classname="tests.test_pest_backend.TestDashboards" name="test_02_manager_dashboard_no_amounts" time="0.108" /><testcase classname="tests.test_pest_backend.TestDashboards" name="test_03_technician_dashboard" time="0.143" /><testcase classname="tests.test_pest_backend.TestDashboards" name="test_04_manager_forbidden_admin_dashboard" time="0.123" /><testcase classname="tests.test_pest_backend.TestReports" name="test_01_admin_only" time="0.117" /><testcase classname="tests.test_pest_backend.TestReports" name="test_02_manager_forbidden" time="0.119" /><testcase classname="tests.test_pest_backend.TestReports" name="test_03_tech_forbidden" time="0.125" /><testcase classname="tests.test_pest_backend.TestRoleAuthz" name="test_01_manager_cannot_create_user" time="0.148" /><testcase classname="tests.test_pest_backend.TestRoleAuthz" name="test_02_manager_cannot_patch_settings" time="0.115" /><testcase classname="tests.test_pest_backend.TestRoleAuthz" name="test_03_tech_cannot_list_amc" time="0.131" /><testcase classname="tests.test_pest_backend.TestRoleAuthz" name="test_04_tech_cannot_list_reminders" time="0.114" /><testcase classname="tests.test_pest_backend.TestSettings" name="test_01_get_settings" time="0.136" /><testcase classname="tests.test_pest_backend.TestSettings" name="test_02_patch_settings_admin" time="0.235" /><testcase classname="tests.test_pest_backend.TestSettings" name="test_03_manager_forbidden" time="0.123" /></testsuite></testsuites>