<?xml version="1.0" encoding="utf-8"?><testsuites name="pytest tests"><testsuite name="pytest" errors="0" failures="52" skipped="2" tests="181" time="33.940" timestamp="2026-09-05T18:05:58.499468+00:00" hostname="agent-env-df2dab8f-2984-42c8-a266-0a98f656eb3e"><testcase classname="tests.test_charges_amc_photos.TestManagerCharges" name="test_manager_post_service_with_charges" time="3.867" /><testcase classname="tests.test_charges_amc_photos.TestManagerCharges" name="test_manager_get_services_includes_charges" time="0.161" /><testcase classname="tests.test_charges_amc_photos.TestManagerCharges" name="test_manager_get_service_detail_includes_charges" time="0.110" /><testcase classname="tests.test_charges_amc_photos.TestManagerCharges" name="test_manager_patch_charges_persists" time="0.228" /><testcase classname="tests.test_charges_amc_photos.TestManagerCharges" name="test_technician_never_sees_charges_in_list" time="0.253" /><testcase classname="tests.test_charges_amc_photos.TestManagerCharges" name="test_technician_never_sees_charges_in_detail" time="0.177" /><testcase classname="tests.test_charges_amc_photos.TestManagerCharges" name="test_admin_sees_charges" time="0.122" /><testcase classname="tests.test_charges_amc_photos.TestManagerAMC" name="test_manager_post_amc_with_contract_amount" time="0.130" /><testcase classname="tests.test_charges_amc_photos.TestManagerAMC" name="test_manager_get_amc_list_includes_contract_amount" time="0.096" /><testcase classname="tests.test_charges_amc_photos.TestManagerAMC" name="test_amc_generated_services_persisted" time="0.109" /><testcase classname="tests.test_charges_amc_photos.TestManagerAMC" name="test_admin_amc_list_includes_contract_amount" time="0.148" /><testcase classname="tests.test_charges_amc_photos.TestCompletePhotoEnforcement" name="test_manager_patch_complete_without_photos_returns_400" time="0.531" /><testcase classname="tests.test_charges_amc_photos.TestCompletePhotoEnforcement" name="test_admin_patch_complete_without_photos_ok" time="0.271" /><testcase classname="tests.test_charges_amc_photos.TestCompletePhotoEnforcement" name="test_technician_complete_endpoint_without_photos_returns_400" time="0.118" /><testcase classname="tests.test_charges_amc_photos.TestTermiteAutoReminderRegression" name="test_termite_reminder_created_via_complete_endpoint" time="1.000" /><testcase classname="tests.test_payment_status_signature.Test00Setup" name="test_00_admin_login" time="0.306" /><testcase classname="tests.test_payment_status_signature.Test00Setup" name="test_01_create_tech1" time="0.898" /><testcase classname="tests.test_payment_status_signature.Test00Setup" name="test_02_create_tech2" time="0.897" /><testcase classname="tests.test_payment_status_signature.Test00Setup" name="test_03_create_manager" time="0.897" /><testcase classname="tests.test_payment_status_signature.Test00Setup" name="test_04_create_customer" time="0.003" /><testcase classname="tests.test_payment_status_signature.Test10TechPaymentStatus" name="test_01_tech_assigned_can_set_payment_status_paid" time="0.007" /><testcase classname="tests.test_payment_status_signature.Test10TechPaymentStatus" name="test_02_tech_assigned_can_set_payment_status_unpaid" time="0.005" /><testcase classname="tests.test_payment_status_signature.Test10TechPaymentStatus" name="test_03_other_tech_cannot_patch" time="0.002" /><testcase classname="tests.test_payment_status_signature.Test10TechPaymentStatus" name="test_04_tech_cannot_set_charges" time="0.008" /><testcase classname="tests.test_payment_status_signature.Test10TechPaymentStatus" name="test_05_tech_patch_only_charges_returns_400" time="0.004" /><testcase classname="tests.test_payment_status_signature.Test20Signature" name="test_01_tech_uploads_signature" time="0.191" /><testcase classname="tests.test_payment_status_signature.Test20Signature" name="test_02_get_file_with_token_query" time="0.086" /><testcase classname="tests.test_payment_status_signature.Test20Signature" name="test_03_get_file_without_token_401" time="0.002" /><testcase classname="tests.test_payment_status_signature.Test20Signature" name="test_04_get_file_bad_token_401" time="0.001" /><testcase classname="tests.test_payment_status_signature.Test20Signature" name="test_05_other_tech_signature_403" time="0.003" /><testcase classname="tests.test_payment_status_signature.Test20Signature" name="test_06_unauthenticated_signature_401" time="0.001" /><testcase classname="tests.test_payment_status_signature.Test30Regression" name="test_01_manager_create_service_charges_stripped" time="0.005"><failure message="AssertionError: Manager-created service should have charges=0, got 5000.0&#10;assert 5000.0 == 0&#10; +  where 5000.0 = &lt;built-in method get of dict object at 0xf98336eaedc0&gt;('charges')&#10; +    where &lt;built-in method get of dict object at 0xf98336eaedc0&gt; = {'customer_id': 'edd175ef-5dd5-4aaa-8943-ae81a0c2210d', 'service_type': 'Cockroach', 'scheduled_date': '2026-09-05T18:06:09.300874+00:00', 'technician_id': None, ...}.get">backend/tests/test_payment_status_signature.py:270: in test_01_manager_create_service_charges_stripped
    assert d.get("charges") == 0, (
E   AssertionError: Manager-created service should have charges=0, got 5000.0
E   assert 5000.0 == 0
E    +  where 5000.0 = &lt;built-in method get of dict object at 0xf98336eaedc0&gt;('charges')
E    +    where &lt;built-in method get of dict object at 0xf98336eaedc0&gt; = {'customer_id': 'edd175ef-5dd5-4aaa-8943-ae81a0c2210d', 'service_type': 'Cockroach', 'scheduled_date': '2026-09-05T18:06:09.300874+00:00', 'technician_id': None, ...}.get</failure></testcase><testcase classname="tests.test_payment_status_signature.Test30Regression" name="test_02_termite_complete_creates_reminder" time="0.295" /><testcase classname="tests.test_pest_backend.TestAuth" name="test_01_login_admin_default_pin" time="0.365"><failure message="AssertionError: assert False is True&#10; +  where False = &lt;built-in method get of dict object at 0xf983354cbfc0&gt;('must_change_pin')&#10; +    where &lt;built-in method get of dict object at 0xf983354cbfc0&gt; = {'id': '66b05d74-808b-4822-b286-17df03535a67', 'username': 'admin', 'name': 'Owner', 'role': 'admin', ...}.get">backend/tests/test_pest_backend.py:56: in test_01_login_admin_default_pin
    assert data["user"].get("must_change_pin") is True
E   AssertionError: assert False is True
E    +  where False = &lt;built-in method get of dict object at 0xf983354cbfc0&gt;('must_change_pin')
E    +    where &lt;built-in method get of dict object at 0xf983354cbfc0&gt; = {'id': '66b05d74-808b-4822-b286-17df03535a67', 'username': 'admin', 'name': 'Owner', 'role': 'admin', ...}.get</failure></testcase><testcase classname="tests.test_pest_backend.TestAuth" name="test_02_change_admin_pin" time="0.000"><failure message="KeyError: 'admin_token'">backend/tests/test_pest_backend.py:62: in test_02_change_admin_pin
    token = STATE["admin_token"]
            ^^^^^^^^^^^^^^^^^^^^
E   KeyError: 'admin_token'</failure></testcase><testcase classname="tests.test_pest_backend.TestAuth" name="test_03_change_pin_invalid_length" time="0.000"><failure message="KeyError: 'admin_token'">backend/tests/test_pest_backend.py:75: in test_03_change_pin_invalid_length
    r = _post("/auth/change-pin", token=STATE["admin_token"], json={"pin": "12"})
                                        ^^^^^^^^^^^^^^^^^^^^
E   KeyError: 'admin_token'</failure></testcase><testcase classname="tests.test_pest_backend.TestAuth" name="test_04_invalid_credentials" time="0.322" /><testcase classname="tests.test_pest_backend.TestUsers" name="test_01_create_manager" time="0.000"><failure message="KeyError: 'admin_token'">backend/tests/test_pest_backend.py:88: in test_01_create_manager
    t = STATE["admin_token"]
        ^^^^^^^^^^^^^^^^^^^^
E   KeyError: 'admin_token'</failure></testcase><testcase classname="tests.test_pest_backend.TestUsers" name="test_02_create_technician" time="0.000"><failure message="KeyError: 'admin_token'">backend/tests/test_pest_backend.py:96: in test_02_create_technician
    t = STATE["admin_token"]
        ^^^^^^^^^^^^^^^^^^^^
E   KeyError: 'admin_token'</failure></testcase><testcase classname="tests.test_pest_backend.TestUsers" name="test_03_cannot_create_admin" time="0.000"><failure message="KeyError: 'admin_token'">backend/tests/test_pest_backend.py:104: in test_03_cannot_create_admin
    t = STATE["admin_token"]
        ^^^^^^^^^^^^^^^^^^^^
E   KeyError: 'admin_token'</failure></testcase><testcase classname="tests.test_pest_backend.TestUsers" name="test_04_invalid_pin_length" time="0.000"><failure message="KeyError: 'admin_token'">backend/tests/test_pest_backend.py:109: in test_04_invalid_pin_length
    t = STATE["admin_token"]
        ^^^^^^^^^^^^^^^^^^^^
E   KeyError: 'admin_token'</failure></testcase><testcase classname="tests.test_pest_backend.TestUsers" name="test_05_manager_login_must_change" time="0.000"><failure message="KeyError: 'manager_username'">backend/tests/test_pest_backend.py:114: in test_05_manager_login_must_change
    r = _post("/auth/login", json={"username": STATE["manager_username"], "pin": "2222"})
                                               ^^^^^^^^^^^^^^^^^^^^^^^^^
E   KeyError: 'manager_username'</failure></testcase><testcase classname="tests.test_pest_backend.TestUsers" name="test_06_technician_login" time="0.000"><failure message="KeyError: 'tech_username'">backend/tests/test_pest_backend.py:125: in test_06_technician_login
    r = _post("/auth/login", json={"username": STATE["tech_username"], "pin": "3333"})
                                               ^^^^^^^^^^^^^^^^^^^^^^
E   KeyError: 'tech_username'</failure></testcase><testcase classname="tests.test_pest_backend.TestUsers" name="test_07_reset_pin" time="0.000"><failure message="KeyError: 'tech_id'">backend/tests/test_pest_backend.py:132: in test_07_reset_pin
    r = _post(f"/users/{STATE['tech_id']}/reset-pin", token=STATE["admin_token"], json={"pin": "5555"})
                        ^^^^^^^^^^^^^^^^
E   KeyError: 'tech_id'</failure></testcase><testcase classname="tests.test_pest_backend.TestUsers" name="test_08_disable_enable" time="0.000"><failure message="KeyError: 'tech_id'">backend/tests/test_pest_backend.py:142: in test_08_disable_enable
    r = _patch(f"/users/{STATE['tech_id']}", token=STATE["admin_token"], json={"active": False})
                         ^^^^^^^^^^^^^^^^
E   KeyError: 'tech_id'</failure></testcase><testcase classname="tests.test_pest_backend.TestCustomersServiceTypes" name="test_01_default_service_types" time="0.000"><failure message="KeyError: 'admin_token'">backend/tests/test_pest_backend.py:157: in test_01_default_service_types
    r = _get("/service-types", token=STATE["admin_token"])
                                     ^^^^^^^^^^^^^^^^^^^^
E   KeyError: 'admin_token'</failure></testcase><testcase classname="tests.test_pest_backend.TestCustomersServiceTypes" name="test_02_create_service_type_admin" time="0.000"><failure message="KeyError: 'admin_token'">backend/tests/test_pest_backend.py:164: in test_02_create_service_type_admin
    r = _post("/service-types", token=STATE["admin_token"], json={"name": f"TEST_{uuid.uuid4().hex[:6]}"})
                                      ^^^^^^^^^^^^^^^^^^^^
E   KeyError: 'admin_token'</failure></testcase><testcase classname="tests.test_pest_backend.TestCustomersServiceTypes" name="test_03_create_customer" time="0.000"><failure message="KeyError: 'admin_token'">backend/tests/test_pest_backend.py:168: in test_03_create_customer
    r = _post("/customers", token=STATE["admin_token"],
                                  ^^^^^^^^^^^^^^^^^^^^
E   KeyError: 'admin_token'</failure></testcase><testcase classname="tests.test_pest_backend.TestCustomersServiceTypes" name="test_04_list_customers" time="0.000"><failure message="KeyError: 'admin_token'">backend/tests/test_pest_backend.py:177: in test_04_list_customers
    r = _get("/customers", token=STATE["admin_token"])
                                 ^^^^^^^^^^^^^^^^^^^^
E   KeyError: 'admin_token'</failure></testcase><testcase classname="tests.test_pest_backend.TestCustomersServiceTypes" name="test_05_get_customer_detail" time="0.000"><failure message="KeyError: 'customer_id'">backend/tests/test_pest_backend.py:182: in test_05_get_customer_detail
    r = _get(f"/customers/{STATE['customer_id']}", token=STATE["admin_token"])
                           ^^^^^^^^^^^^^^^^^^^^
E   KeyError: 'customer_id'</failure></testcase><testcase classname="tests.test_pest_backend.TestCustomersServiceTypes" name="test_06_tech_cannot_list_customers" time="0.000"><failure message="KeyError: 'tech_token'">backend/tests/test_pest_backend.py:189: in test_06_tech_cannot_list_customers
    r = _get("/customers", token=STATE["tech_token"])
                                 ^^^^^^^^^^^^^^^^^^^
E   KeyError: 'tech_token'</failure></testcase><testcase classname="tests.test_pest_backend.TestServices" name="test_01_create_service_no_tech_pending" time="0.000"><failure message="KeyError: 'admin_token'">backend/tests/test_pest_backend.py:199: in test_01_create_service_no_tech_pending
    r = _post("/services", token=STATE["admin_token"], json={
                                 ^^^^^^^^^^^^^^^^^^^^
E   KeyError: 'admin_token'</failure></testcase><testcase classname="tests.test_pest_backend.TestServices" name="test_02_create_service_with_tech_assigned" time="0.000"><failure message="KeyError: 'admin_token'">backend/tests/test_pest_backend.py:210: in test_02_create_service_with_tech_assigned
    r = _post("/services", token=STATE["admin_token"], json={
                                 ^^^^^^^^^^^^^^^^^^^^
E   KeyError: 'admin_token'</failure></testcase><testcase classname="tests.test_pest_backend.TestServices" name="test_03_list_services_filters" time="0.000"><failure message="KeyError: 'admin_token'">backend/tests/test_pest_backend.py:221: in test_03_list_services_filters
    r = _get("/services", token=STATE["admin_token"], params={"status": "assigned"})
                                ^^^^^^^^^^^^^^^^^^^^
E   KeyError: 'admin_token'</failure></testcase><testcase classname="tests.test_pest_backend.TestServices" name="test_04_list_services_by_tech" time="0.000"><failure message="KeyError: 'admin_token'">backend/tests/test_pest_backend.py:226: in test_04_list_services_by_tech
    r = _get("/services", token=STATE["admin_token"], params={"technician_id": STATE["tech_id"]})
                                ^^^^^^^^^^^^^^^^^^^^
E   KeyError: 'admin_token'</failure></testcase><testcase classname="tests.test_pest_backend.TestServices" name="test_05_manager_no_charges" time="0.000"><failure message="KeyError: 'manager_token'">backend/tests/test_pest_backend.py:231: in test_05_manager_no_charges
    r = _get("/services", token=STATE["manager_token"])
                                ^^^^^^^^^^^^^^^^^^^^^^
E   KeyError: 'manager_token'</failure></testcase><testcase classname="tests.test_pest_backend.TestServices" name="test_06_technician_only_own" time="0.000"><failure message="KeyError: 'tech_token'">backend/tests/test_pest_backend.py:237: in test_06_technician_only_own
    r = _get("/services", token=STATE["tech_token"])
                                ^^^^^^^^^^^^^^^^^^^
E   KeyError: 'tech_token'</failure></testcase><testcase classname="tests.test_pest_backend.TestServices" name="test_07_manager_cannot_set_charges" time="0.000"><failure message="KeyError: 'manager_token'">backend/tests/test_pest_backend.py:245: in test_07_manager_cannot_set_charges
    r = _post("/services", token=STATE["manager_token"], json={
                                 ^^^^^^^^^^^^^^^^^^^^^^
E   KeyError: 'manager_token'</failure></testcase><testcase classname="tests.test_pest_backend.TestServices" name="test_08_tech_update_allowed_fields" time="0.000"><failure message="KeyError: 'service_assigned_id'">backend/tests/test_pest_backend.py:256: in test_08_tech_update_allowed_fields
    r = _patch(f"/services/{STATE['service_assigned_id']}", token=STATE["tech_token"],
                            ^^^^^^^^^^^^^^^^^^^^^^^^^^^^
E   KeyError: 'service_assigned_id'</failure></testcase><testcase classname="tests.test_pest_backend.TestServices" name="test_09_tech_cannot_change_charges" time="0.000"><failure message="KeyError: 'service_assigned_id'">backend/tests/test_pest_backend.py:262: in test_09_tech_cannot_change_charges
    r = _patch(f"/services/{STATE['service_assigned_id']}", token=STATE["tech_token"],
                            ^^^^^^^^^^^^^^^^^^^^^^^^^^^^
E   KeyError: 'service_assigned_id'</failure></testcase><testcase classname="tests.test_pest_backend.TestServices" name="test_10_complete_without_photos_fails" time="0.000"><failure message="KeyError: 'service_assigned_id'">backend/tests/test_pest_backend.py:268: in test_10_complete_without_photos_fails
    r = _post(f"/services/{STATE['service_assigned_id']}/complete", token=STATE["tech_token"], json={})
                           ^^^^^^^^^^^^^^^^^^^^^^^^^^^^
E   KeyError: 'service_assigned_id'</failure></testcase><testcase classname="tests.test_pest_backend.TestPhotos" name="test_01_upload_before" time="0.000"><failure message="KeyError: 'service_assigned_id'">backend/tests/test_pest_backend.py:282: in test_01_upload_before
    f"{API}/services/{STATE['service_assigned_id']}/photos",
                      ^^^^^^^^^^^^^^^^^^^^^^^^^^^^
E   KeyError: 'service_assigned_id'</failure></testcase><testcase classname="tests.test_pest_backend.TestPhotos" name="test_02_upload_after" time="0.000"><failure message="KeyError: 'service_assigned_id'">backend/tests/test_pest_backend.py:296: in test_02_upload_after
    f"{API}/services/{STATE['service_assigned_id']}/photos",
                      ^^^^^^^^^^^^^^^^^^^^^^^^^^^^
E   KeyError: 'service_assigned_id'</failure></testcase><testcase classname="tests.test_pest_backend.TestPhotos" name="test_03_fetch_file_with_token_query" time="0.000"><skipped type="pytest.skip" message="No photo path">/app/backend/tests/test_pest_backend.py:307: No photo path</skipped></testcase><testcase classname="tests.test_pest_backend.TestPhotos" name="test_04_complete_service_with_photos" time="0.000"><skipped type="pytest.skip" message="Photos missing">/app/backend/tests/test_pest_backend.py:314: Photos missing</skipped></testcase><testcase classname="tests.test_pest_backend.TestAMC" name="test_01_create_monthly_amc" time="0.000"><failure message="KeyError: 'admin_token'">backend/tests/test_pest_backend.py:330: in test_01_create_monthly_amc
    r = _post("/amc", token=STATE["admin_token"], json={
                            ^^^^^^^^^^^^^^^^^^^^
E   KeyError: 'admin_token'</failure></testcase><testcase classname="tests.test_pest_backend.TestAMC" name="test_02_amc_generates_pending_services" time="0.000"><failure message="KeyError: 'admin_token'">backend/tests/test_pest_backend.py:342: in test_02_amc_generates_pending_services
    r = _get("/services", token=STATE["admin_token"], params={"status": "pending", "customer_id": STATE["customer_id"]})
                                ^^^^^^^^^^^^^^^^^^^^
E   KeyError: 'admin_token'</failure></testcase><testcase classname="tests.test_pest_backend.TestAMC" name="test_03_amc_contract_amount_hidden_manager" time="0.000"><failure message="KeyError: 'manager_token'">backend/tests/test_pest_backend.py:349: in test_03_amc_contract_amount_hidden_manager
    r = _get("/amc", token=STATE["manager_token"])
                           ^^^^^^^^^^^^^^^^^^^^^^
E   KeyError: 'manager_token'</failure></testcase><testcase classname="tests.test_pest_backend.TestReminders" name="test_01_create_reminder_upcoming" time="0.000"><failure message="KeyError: 'admin_token'">backend/tests/test_pest_backend.py:361: in test_01_create_reminder_upcoming
    r = _post("/reminders", token=STATE["admin_token"], json={
                                  ^^^^^^^^^^^^^^^^^^^^
E   KeyError: 'admin_token'</failure></testcase><testcase classname="tests.test_pest_backend.TestReminders" name="test_02_create_reminder_due" time="0.000"><failure message="KeyError: 'admin_token'">backend/tests/test_pest_backend.py:369: in test_02_create_reminder_due
    r = _post("/reminders", token=STATE["admin_token"], json={
                                  ^^^^^^^^^^^^^^^^^^^^
E   KeyError: 'admin_token'</failure></testcase><testcase classname="tests.test_pest_backend.TestReminders" name="test_03_create_reminder_overdue" time="0.000"><failure message="KeyError: 'admin_token'">backend/tests/test_pest_backend.py:377: in test_03_create_reminder_overdue
    r = _post("/reminders", token=STATE["admin_token"], json={
                                  ^^^^^^^^^^^^^^^^^^^^
E   KeyError: 'admin_token'</failure></testcase><testcase classname="tests.test_pest_backend.TestReminders" name="test_04_list_computed_field" time="0.000"><failure message="KeyError: 'admin_token'">backend/tests/test_pest_backend.py:384: in test_04_list_computed_field
    r = _get("/reminders", token=STATE["admin_token"])
                                 ^^^^^^^^^^^^^^^^^^^^
E   KeyError: 'admin_token'</failure></testcase><testcase classname="tests.test_pest_backend.TestReminders" name="test_05_complete_reminder" time="0.000"><failure message="KeyError: 'reminder_due_id'">backend/tests/test_pest_backend.py:392: in test_05_complete_reminder
    r = _post(f"/reminders/{STATE['reminder_due_id']}/complete", token=STATE["admin_token"])
                            ^^^^^^^^^^^^^^^^^^^^^^^^
E   KeyError: 'reminder_due_id'</failure></testcase><testcase classname="tests.test_pest_backend.TestDashboards" name="test_01_admin_dashboard" time="0.000"><failure message="KeyError: 'admin_token'">backend/tests/test_pest_backend.py:404: in test_01_admin_dashboard
    r = _get("/dashboard/admin", token=STATE["admin_token"])
                                       ^^^^^^^^^^^^^^^^^^^^
E   KeyError: 'admin_token'</failure></testcase><testcase classname="tests.test_pest_backend.TestDashboards" name="test_02_manager_dashboard_no_amounts" time="0.000"><failure message="KeyError: 'manager_token'">backend/tests/test_pest_backend.py:411: in test_02_manager_dashboard_no_amounts
    r = _get("/dashboard/manager", token=STATE["manager_token"])
                                         ^^^^^^^^^^^^^^^^^^^^^^
E   KeyError: 'manager_token'</failure></testcase><testcase classname="tests.test_pest_backend.TestDashboards" name="test_03_technician_dashboard" time="0.000"><failure message="KeyError: 'tech_token'">backend/tests/test_pest_backend.py:421: in test_03_technician_dashboard
    r = _get("/dashboard/technician", token=STATE["tech_token"])
                                            ^^^^^^^^^^^^^^^^^^^
E   KeyError: 'tech_token'</failure></testcase><testcase classname="tests.test_pest_backend.TestDashboards" name="test_04_manager_forbidden_admin_dashboard" time="0.000"><failure message="KeyError: 'manager_token'">backend/tests/test_pest_backend.py:427: in test_04_manager_forbidden_admin_dashboard
    r = _get("/dashboard/admin", token=STATE["manager_token"])
                                       ^^^^^^^^^^^^^^^^^^^^^^
E   KeyError: 'manager_token'</failure></testcase><testcase classname="tests.test_pest_backend.TestReports" name="test_01_admin_only" time="0.000"><failure message="KeyError: 'admin_token'">backend/tests/test_pest_backend.py:436: in test_01_admin_only
    r = _get("/reports/summary", token=STATE["admin_token"])
                                       ^^^^^^^^^^^^^^^^^^^^
E   KeyError: 'admin_token'</failure></testcase><testcase classname="tests.test_pest_backend.TestReports" name="test_02_manager_forbidden" time="0.000"><failure message="KeyError: 'manager_token'">backend/tests/test_pest_backend.py:443: in test_02_manager_forbidden
    r = _get("/reports/summary", token=STATE["manager_token"])
                                       ^^^^^^^^^^^^^^^^^^^^^^
E   KeyError: 'manager_token'</failure></testcase><testcase classname="tests.test_pest_backend.TestReports" name="test_03_tech_forbidden" time="0.000"><failure message="KeyError: 'tech_token'">backend/tests/test_pest_backend.py:447: in test_03_tech_forbidden
    r = _get("/reports/summary", token=STATE["tech_token"])
                                       ^^^^^^^^^^^^^^^^^^^
E   KeyError: 'tech_token'</failure></testcase><testcase classname="tests.test_pest_backend.TestRoleAuthz" name="test_01_manager_cannot_create_user" time="0.000"><failure message="KeyError: 'manager_token'">backend/tests/test_pest_backend.py:456: in test_01_manager_cannot_create_user
    r = _post("/users", token=STATE["manager_token"], json={"username": "x", "name": "y", "role": "technician", "pin": "1234"})
                              ^^^^^^^^^^^^^^^^^^^^^^
E   KeyError: 'manager_token'</failure></testcase><testcase classname="tests.test_pest_backend.TestRoleAuthz" name="test_02_manager_cannot_patch_settings" time="0.000"><failure message="KeyError: 'manager_token'">backend/tests/test_pest_backend.py:460: in test_02_manager_cannot_patch_settings
    r = _patch("/settings", token=STATE["manager_token"], json={"google_review_url": "http://x"})
                                  ^^^^^^^^^^^^^^^^^^^^^^
E   KeyError: 'manager_token'</failure></testcase><testcase classname="tests.test_pest_backend.TestRoleAuthz" name="test_03_tech_cannot_list_amc" time="0.000"><failure message="KeyError: 'tech_token'">backend/tests/test_pest_backend.py:464: in test_03_tech_cannot_list_amc
    r = _get("/amc", token=STATE["tech_token"])
                           ^^^^^^^^^^^^^^^^^^^
E   KeyError: 'tech_token'</failure></testcase><testcase classname="tests.test_pest_backend.TestRoleAuthz" name="test_04_tech_cannot_list_reminders" time="0.000"><failure message="KeyError: 'tech_token'">backend/tests/test_pest_backend.py:468: in test_04_tech_cannot_list_reminders
    r = _get("/reminders", token=STATE["tech_token"])
                                 ^^^^^^^^^^^^^^^^^^^
E   KeyError: 'tech_token'</failure></testcase><testcase classname="tests.test_pest_backend.TestSettings" name="test_01_get_settings" time="0.000"><failure message="KeyError: 'admin_token'">backend/tests/test_pest_backend.py:477: in test_01_get_settings
    r = _get("/settings", token=STATE["admin_token"])
                                ^^^^^^^^^^^^^^^^^^^^
E   KeyError: 'admin_token'</failure></testcase><testcase classname="tests.test_pest_backend.TestSettings" name="test_02_patch_settings_admin" time="0.000"><failure message="KeyError: 'admin_token'">backend/tests/test_pest_backend.py:481: in test_02_patch_settings_admin
    r = _patch("/settings", token=STATE["admin_token"],
                                  ^^^^^^^^^^^^^^^^^^^^
E   KeyError: 'admin_token'</failure></testcase><testcase classname="tests.test_pest_backend.TestSettings" name="test_03_manager_forbidden" time="0.000"><failure message="KeyError: 'manager_token'">backend/tests/test_pest_backend.py:490: in test_03_manager_forbidden
    r = _patch("/settings", token=STATE["manager_token"], json={"google_review_url": "x"})
                                  ^^^^^^^^^^^^^^^^^^^^^^
E   KeyError: 'manager_token'</failure></testcase><testcase classname="tests.test_photos_signature_retest.TestASetup" name="test_admin_login" time="0.448" /><testcase classname="tests.test_photos_signature_retest.TestASetup" name="test_seed_customer_and_two_techs" time="1.797" /><testcase classname="tests.test_photos_signature_retest.TestASetup" name="test_admin_creates_termite_service_assigned_to_t1" time="0.003" /><testcase classname="tests.test_photos_signature_retest.TestBPhotoUpload" name="test_upload_before_photo_returns_path_and_grows_array" time="0.196" /><testcase classname="tests.test_photos_signature_retest.TestBPhotoUpload" name="test_get_file_with_token_streams_bytes" time="0.137" /><testcase classname="tests.test_photos_signature_retest.TestBPhotoUpload" name="test_get_file_without_token_returns_401" time="0.002" /><testcase classname="tests.test_photos_signature_retest.TestBPhotoUpload" name="test_upload_after_photo" time="0.099" /><testcase classname="tests.test_photos_signature_retest.TestCPhotoUploadNegatives" name="test_invalid_phase_returns_400" time="0.002" /><testcase classname="tests.test_photos_signature_retest.TestCPhotoUploadNegatives" name="test_missing_authorization_returns_401" time="0.002" /><testcase classname="tests.test_photos_signature_retest.TestCPhotoUploadNegatives" name="test_non_assigned_technician_returns_403" time="0.002" /><testcase classname="tests.test_photos_signature_retest.TestCPhotoUploadNegatives" name="test_photo_upload_on_missing_service_returns_404" time="0.002" /><testcase classname="tests.test_photos_signature_retest.TestDSignature" name="test_upload_signature_as_assigned_tech" time="0.169" /><testcase classname="tests.test_photos_signature_retest.TestDSignature" name="test_signature_non_assigned_tech_returns_403" time="0.002" /><testcase classname="tests.test_photos_signature_retest.TestDSignature" name="test_get_signature_file_with_token" time="0.165" /><testcase classname="tests.test_photos_signature_retest.TestECompleteRegression" name="test_complete_without_after_photo_returns_400" time="0.176" /><testcase classname="tests.test_photos_signature_retest.TestECompleteRegression" name="test_complete_with_both_photos_success_and_termite_reminder" time="0.138" /><testcase classname="tests.test_production_qa.TestASetup" name="test_admin_login" time="0.224" /><testcase classname="tests.test_production_qa.TestASetup" name="test_no_mongo_id_leak_in_login" time="0.000" /><testcase classname="tests.test_production_qa.TestASetup" name="test_create_manager_and_technicians" time="2.692" /><testcase classname="tests.test_production_qa.TestASetup" name="test_manager_cannot_create_user" time="0.002" /><testcase classname="tests.test_production_qa.TestASetup" name="test_manager_cannot_reset_pin" time="0.002" /><testcase classname="tests.test_production_qa.TestBCustomers" name="test_create_customer" time="0.005" /><testcase classname="tests.test_production_qa.TestBCustomers" name="test_extra_customers" time="0.005" /><testcase classname="tests.test_production_qa.TestCEndToEnd" name="test_admin_creates_termite_service_for_tech1_on_specific_date" time="0.003" /><testcase classname="tests.test_production_qa.TestCEndToEnd" name="test_tech_uploads_before_during_after_photos" time="0.426" /><testcase classname="tests.test_production_qa.TestCEndToEnd" name="test_feedback_and_termite_reminder_created_on_complete" time="0.008" /><testcase classname="tests.test_production_qa.TestCEndToEnd" name="test_reminder_shows_upcoming" time="0.003" /><testcase classname="tests.test_production_qa.TestCEndToEnd" name="test_reminder_included_in_admin_dashboard_counter" time="0.006" /><testcase classname="tests.test_production_qa.TestDTermiteDup" name="test_second_termite_completion_same_customer_no_dup" time="0.009" /><testcase classname="tests.test_production_qa.TestDTermiteDup" name="test_non_termite_completion_no_reminder" time="0.009" /><testcase classname="tests.test_production_qa.TestEManagerPerms" name="test_manager_403_on_admin_endpoints" time="0.006" /><testcase classname="tests.test_production_qa.TestEManagerPerms" name="test_manager_customers_and_services_see_charges" time="0.021" /><testcase classname="tests.test_production_qa.TestEManagerPerms" name="test_manager_post_service_charges_persisted" time="0.006" /><testcase classname="tests.test_production_qa.TestFTechPerms" name="test_tech_sees_only_own" time="0.008" /><testcase classname="tests.test_production_qa.TestFTechPerms" name="test_tech_403_on_other_service" time="0.002" /><testcase classname="tests.test_production_qa.TestFTechPerms" name="test_tech_patch_only_allowed_fields" time="0.009" /><testcase classname="tests.test_production_qa.TestGAdminEditPending" name="test_admin_patch_pending_multiple_fields" time="0.012" /><testcase classname="tests.test_production_qa.TestHReassign" name="test_reassign_tech" time="0.008" /><testcase classname="tests.test_production_qa.TestIAMC" name="test_amc_daily_7days" time="0.004" /><testcase classname="tests.test_production_qa.TestIAMC" name="test_amc_fortnightly_60d" time="0.004" /><testcase classname="tests.test_production_qa.TestIAMC" name="test_amc_monthly_6mo" time="0.004" /><testcase classname="tests.test_production_qa.TestIAMC" name="test_amc_quarterly_12mo" time="0.004" /><testcase classname="tests.test_production_qa.TestIAMC" name="test_amc_custom_10d_30d" time="0.004" /><testcase classname="tests.test_production_qa.TestIAMC" name="test_amc_services_have_null_tech_and_amc_id" time="0.016" /><testcase classname="tests.test_production_qa.TestIAMC" name="test_amc_body_does_not_persist_technician" time="0.009" /><testcase classname="tests.test_production_qa.TestJAssign" name="test_patch_amc_service_with_tech" time="0.006" /><testcase classname="tests.test_production_qa.TestJAssign" name="test_tech_dashboard_reflects" time="0.003" /><testcase classname="tests.test_production_qa.TestKReschedule" name="test_reschedule_future" time="0.006" /><testcase classname="tests.test_production_qa.TestKReschedule" name="test_reschedule_past_overdue" time="0.008" /><testcase classname="tests.test_production_qa.TestLLocking" name="test_completed_locked_for_manager_admin_notes" time="0.007" /><testcase classname="tests.test_production_qa.TestLLocking" name="test_tech_patch_status_pending_on_completed_blocked" time="0.006" /><testcase classname="tests.test_production_qa.TestLLocking" name="test_tech_patch_payment_status_on_completed_allowed" time="0.011" /><testcase classname="tests.test_production_qa.TestLLocking" name="test_tech_mixed_status_and_payment_on_completed" time="0.012" /><testcase classname="tests.test_production_qa.TestLLocking" name="test_manager_patch_status_on_completed_blocked" time="0.004" /><testcase classname="tests.test_production_qa.TestLLocking" name="test_manager_patch_charges_on_completed_blocked" time="0.006" /><testcase classname="tests.test_production_qa.TestLLocking" name="test_manager_patch_payment_status_on_completed_allowed" time="0.007" /><testcase classname="tests.test_production_qa.TestLLocking" name="test_admin_patch_any_field_on_completed_allowed" time="0.005" /><testcase classname="tests.test_production_qa.TestMCSV" name="test_admin_csv_ok" time="0.007" /><testcase classname="tests.test_production_qa.TestMCSV" name="test_missing_token_401" time="0.002" /><testcase classname="tests.test_production_qa.TestMCSV" name="test_invalid_token_401" time="0.001" /><testcase classname="tests.test_production_qa.TestMCSV" name="test_non_admin_403" time="0.002" /><testcase classname="tests.test_production_qa.TestNFiles" name="test_get_file_with_token" time="0.141" /><testcase classname="tests.test_production_qa.TestOMgrDash" name="test_pending_payments_count" time="0.011" /><testcase classname="tests.test_production_qa.TestPPersistence" name="test_no_mongo_id_in_any_list_endpoint" time="0.037" /><testcase classname="tests.test_production_qa.TestPPersistence" name="test_customers_persist_across_requests" time="0.507" /><testcase classname="tests.test_production_qa" name="test_zzz_diagnostic_dump" time="0.000" /><testcase classname="tests.test_reschedule_reports_audit.TestReminderReschedule" name="test_01_create_reminder" time="3.448" /><testcase classname="tests.test_reschedule_reports_audit.TestReminderReschedule" name="test_02_reschedule_endpoint_future" time="0.234" /><testcase classname="tests.test_reschedule_reports_audit.TestReminderReschedule" name="test_03_reschedule_to_past_computed_overdue" time="0.386" /><testcase classname="tests.test_reschedule_reports_audit.TestReminderReschedule" name="test_04_patch_changed_due_date_auto_reschedule" time="0.418" /><testcase classname="tests.test_reschedule_reports_audit.TestReminderReschedule" name="test_05_patch_same_due_date_no_reschedule" time="0.376" /><testcase classname="tests.test_reschedule_reports_audit.TestReminderReschedule" name="test_06_reschedule_creates_audit_entry" time="0.468" /><testcase classname="tests.test_reschedule_reports_audit.TestReportsSummary" name="test_01_admin_gets_all_new_keys" time="0.130" /><testcase classname="tests.test_reschedule_reports_audit.TestReportsSummary" name="test_02_manager_forbidden" time="0.107" /><testcase classname="tests.test_reschedule_reports_audit.TestReportsSummary" name="test_03_technician_forbidden" time="0.116" /><testcase classname="tests.test_reschedule_reports_audit.TestAuditLogs" name="test_01_admin_can_fetch" time="0.150" /><testcase classname="tests.test_reschedule_reports_audit.TestAuditLogs" name="test_02_manager_forbidden" time="0.122" /><testcase classname="tests.test_reschedule_reports_audit.TestAuditLogs" name="test_03_technician_forbidden" time="0.131" /><testcase classname="tests.test_termite_and_admin_edits.Test00Setup" name="test_00_admin_login" time="0.324" /><testcase classname="tests.test_termite_and_admin_edits.Test00Setup" name="test_01_create_technician" time="1.393" /><testcase classname="tests.test_termite_and_admin_edits.Test00Setup" name="test_02_create_second_technician" time="0.317" /><testcase classname="tests.test_termite_and_admin_edits.Test00Setup" name="test_03_create_customer" time="0.120" /><testcase classname="tests.test_termite_and_admin_edits.Test00Setup" name="test_04_create_second_customer" time="0.119" /><testcase classname="tests.test_termite_and_admin_edits.Test10TermiteCompleteReminder" name="test_01_complete_termite_via_complete_endpoint_creates_reminder" time="1.098" /><testcase classname="tests.test_termite_and_admin_edits.Test10TermiteCompleteReminder" name="test_02_second_termite_complete_same_customer_no_duplicate" time="0.826" /><testcase classname="tests.test_termite_and_admin_edits.Test10TermiteCompleteReminder" name="test_03_non_termite_complete_no_reminder" time="0.929" /><testcase classname="tests.test_termite_and_admin_edits.Test10TermiteCompleteReminder" name="test_04_admin_patch_status_completed_termite_creates_reminder" time="0.543" /><testcase classname="tests.test_termite_and_admin_edits.Test20AMCPendingAndAssign" name="test_01_create_monthly_amc" time="0.217" /><testcase classname="tests.test_termite_and_admin_edits.Test20AMCPendingAndAssign" name="test_02_amc_generated_pending_no_tech" time="0.110" /><testcase classname="tests.test_termite_and_admin_edits.Test20AMCPendingAndAssign" name="test_03_assign_technician_status_becomes_assigned" time="0.248" /><testcase classname="tests.test_termite_and_admin_edits.Test20AMCPendingAndAssign" name="test_04_reassign_technician_same_service" time="0.374" /><testcase classname="tests.test_termite_and_admin_edits.Test30AdminEditPendingService" name="test_01_admin_edit_all_fields" time="0.349" /><testcase classname="tests.test_termite_and_admin_edits.Test30AdminEditPendingService" name="test_02_admin_edit_assigned_service_reassign_and_dates" time="0.384" /><testcase classname="tests.test_termite_and_admin_edits.Test30AdminEditPendingService" name="test_03_admin_edit_in_progress_service" time="0.600" /></testsuite></testsuites>