<?xml version="1.0" encoding="utf-8"?><testsuites name="pytest tests"><testsuite name="pytest" errors="0" failures="0" skipped="0" tests="12" time="2.192" timestamp="2026-09-05T17:30:38.741117+00:00" hostname="agent-env-df2dab8f-2984-42c8-a266-0a98f656eb3e"><testcase classname="tests.test_reschedule_reports_audit.TestReminderReschedule" name="test_01_create_reminder" time="2.034" /><testcase classname="tests.test_reschedule_reports_audit.TestReminderReschedule" name="test_02_reschedule_endpoint_future" time="0.008" /><testcase classname="tests.test_reschedule_reports_audit.TestReminderReschedule" name="test_03_reschedule_to_past_computed_overdue" time="0.010" /><testcase classname="tests.test_reschedule_reports_audit.TestReminderReschedule" name="test_04_patch_changed_due_date_auto_reschedule" time="0.010" /><testcase classname="tests.test_reschedule_reports_audit.TestReminderReschedule" name="test_05_patch_same_due_date_no_reschedule" time="0.009" /><testcase classname="tests.test_reschedule_reports_audit.TestReminderReschedule" name="test_06_reschedule_creates_audit_entry" time="0.011" /><testcase classname="tests.test_reschedule_reports_audit.TestReportsSummary" name="test_01_admin_gets_all_new_keys" time="0.019" /><testcase classname="tests.test_reschedule_reports_audit.TestReportsSummary" name="test_02_manager_forbidden" time="0.002" /><testcase classname="tests.test_reschedule_reports_audit.TestReportsSummary" name="test_03_technician_forbidden" time="0.002" /><testcase classname="tests.test_reschedule_reports_audit.TestAuditLogs" name="test_01_admin_can_fetch" time="0.005" /><testcase classname="tests.test_reschedule_reports_audit.TestAuditLogs" name="test_02_manager_forbidden" time="0.002" /><testcase classname="tests.test_reschedule_reports_audit.TestAuditLogs" name="test_03_technician_forbidden" time="0.002" /></testsuite></testsuites>