<?xml version="1.0" encoding="utf-8"?><testsuites name="pytest tests"><testsuite name="pytest" errors="0" failures="0" skipped="0" tests="16" time="8.924" timestamp="2026-09-05T17:15:45.090961+00:00" hostname="agent-env-df2dab8f-2984-42c8-a266-0a98f656eb3e"><testcase classname="tests.test_termite_and_admin_edits.Test00Setup" name="test_00_admin_login" time="1.209" /><testcase classname="tests.test_termite_and_admin_edits.Test00Setup" name="test_01_create_technician" time="1.390" /><testcase classname="tests.test_termite_and_admin_edits.Test00Setup" name="test_02_create_second_technician" time="0.349" /><testcase classname="tests.test_termite_and_admin_edits.Test00Setup" name="test_03_create_customer" time="0.125" /><testcase classname="tests.test_termite_and_admin_edits.Test00Setup" name="test_04_create_second_customer" time="0.109" /><testcase classname="tests.test_termite_and_admin_edits.Test10TermiteCompleteReminder" name="test_01_complete_termite_via_complete_endpoint_creates_reminder" time="1.129" /><testcase classname="tests.test_termite_and_admin_edits.Test10TermiteCompleteReminder" name="test_02_second_termite_complete_same_customer_no_duplicate" time="0.948" /><testcase classname="tests.test_termite_and_admin_edits.Test10TermiteCompleteReminder" name="test_03_non_termite_complete_no_reminder" time="1.000" /><testcase classname="tests.test_termite_and_admin_edits.Test10TermiteCompleteReminder" name="test_04_admin_patch_status_completed_termite_creates_reminder" time="0.430" /><testcase classname="tests.test_termite_and_admin_edits.Test20AMCPendingAndAssign" name="test_01_create_monthly_amc" time="0.217" /><testcase classname="tests.test_termite_and_admin_edits.Test20AMCPendingAndAssign" name="test_02_amc_generated_pending_no_tech" time="0.143" /><testcase classname="tests.test_termite_and_admin_edits.Test20AMCPendingAndAssign" name="test_03_assign_technician_status_becomes_assigned" time="0.225" /><testcase classname="tests.test_termite_and_admin_edits.Test20AMCPendingAndAssign" name="test_04_reassign_technician_same_service" time="0.341" /><testcase classname="tests.test_termite_and_admin_edits.Test30AdminEditPendingService" name="test_01_admin_edit_all_fields" time="0.354" /><testcase classname="tests.test_termite_and_admin_edits.Test30AdminEditPendingService" name="test_02_admin_edit_assigned_service_reassign_and_dates" time="0.371" /><testcase classname="tests.test_termite_and_admin_edits.Test30AdminEditPendingService" name="test_03_admin_edit_in_progress_service" time="0.497" /></testsuite></testsuites>